<?xml version="1.0" encoding="UTF-8"?>
<testng-results skipped="0" failed="0" total="1" passed="1">
  <reporter-output>
  </reporter-output>
  <suite name="Default suite" duration-ms="28" started-at="2015-04-07T10:30:30Z" finished-at="2015-04-07T10:30:30Z">
    <groups>
    </groups>
    <test name="Default test" duration-ms="28" started-at="2015-04-07T10:30:30Z" finished-at="2015-04-07T10:30:30Z">
      <class name="com.lsoe.coolcsv.CoolCSVRecordTest">
        <test-method status="PASS" signature="run()[pri:0, instance:com.lsoe.coolcsv.CoolCSVRecordTest@31b7dea0]" name="run" duration-ms="15" started-at="2015-04-07T18:30:30Z" finished-at="2015-04-07T18:30:30Z">
          <reporter-output>
          </reporter-output>
        </test-method> <!-- run -->
      </class> <!-- com.lsoe.coolcsv.CoolCSVRecordTest -->
    </test> <!-- Default test -->
  </suite> <!-- Default suite -->
</testng-results>
